# JRE version: OpenJDK Runtime Environment Temurin-17.0.2+8 (17.0.2+8) (build 17.0.2+8)
# Java VM: OpenJDK 64-Bit Server VM Temurin-17.0.2+8 (17.0.2+8, mixed mode, emulated-client, tiered, compressed oops, compressed class ptrs, g1 gc, windows-amd64)
GC Precious Log:
 CPUs: 4 total, 4 available
 Memory: 3863M
 Large Page Support: Disabled
 NUMA Support: Disabled
 Compressed Oops: Enabled (32-bit)
 Heap Region Size: 1M
 Heap Min Capacity: 8M
 Heap Initial Capacity: 62M
 Heap Max Capacity: 966M
 Pre-touch: Disabled
 Parallel Workers: 4
 Concurrent Workers: 1
 Concurrent Refinement Workers: 4
 Periodic GC: Disabled
Heap:
 garbage-first heap   total 34816K, used 10930K [0x00000000c3a00000, 0x0000000100000000)
  region size 1024K, 2 young (2048K), 0 survivors (0K)
 Metaspace       used 28859K, committed 29312K, reserved 1081344K
  class space    used 3873K, committed 4096K, reserved 1048576K
GC Heap History (20 events):
Event: 40834.550 GC heap before
{Heap before GC invocations=4018 (full 4009):
 garbage-first heap   total 34816K, used 10930K [0x00000000c3a00000, 0x0000000100000000)
  region size 1024K, 2 young (2048K), 0 survivors (0K)
 Metaspace       used 28859K, committed 29312K, reserved 1081344K
  class space    used 3873K, committed 4096K, reserved 1048576K
}
Event: 40834.563 GC heap after
{Heap after GC invocations=4019 (full 4010):
 garbage-first heap   total 34816K, used 9906K [0x00000000c3a00000, 0x0000000100000000)
  region size 1024K, 0 young (0K), 0 survivors (0K)
 Metaspace       used 28859K, committed 29312K, reserved 1081344K
  class space    used 3873K, committed 4096K, reserved 1048576K
}
Event: 40844.693 GC heap before
{Heap before GC invocations=4019 (full 4010):
 garbage-first heap   total 34816K, used 10930K [0x00000000c3a00000, 0x0000000100000000)
  region size 1024K, 2 young (2048K), 0 survivors (0K)
 Metaspace       used 28859K, committed 29312K, reserved 1081344K
  class space    used 3873K, committed 4096K, reserved 1048576K
}
Event: 40844.707 GC heap after
{Heap after GC invocations=4020 (full 4011):
 garbage-first heap   total 34816K, used 9906K [0x00000000c3a00000, 0x0000000100000000)
  region size 1024K, 0 young (0K), 0 survivors (0K)
 Metaspace       used 28859K, committed 29312K, reserved 1081344K
  class space    used 3873K, committed 4096K, reserved 1048576K
}
Event: 40854.830 GC heap before
{Heap before GC invocations=4020 (full 4011):
 garbage-first heap   total 34816K, used 10930K [0x00000000c3a00000, 0x0000000100000000)
  region size 1024K, 2 young (2048K), 0 survivors (0K)
 Metaspace       used 28859K, committed 29312K, reserved 1081344K
  class space    used 3873K, committed 4096K, reserved 1048576K
}
Event: 40854.845 GC heap after
{Heap after GC invocations=4021 (full 4012):
 garbage-first heap   total 34816K, used 9906K [0x00000000c3a00000, 0x0000000100000000)
  region size 1024K, 0 young (0K), 0 survivors (0K)
 Metaspace       used 28859K, committed 29312K, reserved 1081344K
  class space    used 3873K, committed 4096K, reserved 1048576K
}
Event: 40865.063 GC heap before
{Heap before GC invocations=4021 (full 4012):
 garbage-first heap   total 34816K, used 10930K [0x00000000c3a00000, 0x0000000100000000)
  region size 1024K, 2 young (2048K), 0 survivors (0K)
 Metaspace       used 28859K, committed 29312K, reserved 1081344K
  class space    used 3873K, committed 4096K, reserved 1048576K
}
Event: 40865.078 GC heap after
{Heap after GC invocations=4022 (full 4013):
 garbage-first heap   total 34816K, used 9906K [0x00000000c3a00000, 0x0000000100000000)
  region size 1024K, 0 young (0K), 0 survivors (0K)
 Metaspace       used 28859K, committed 29312K, reserved 1081344K
  class space    used 3873K, committed 4096K, reserved 1048576K
}
Event: 40875.207 GC heap before
{Heap before GC invocations=4022 (full 4013):
 garbage-first heap   total 34816K, used 10930K [0x00000000c3a00000, 0x0000000100000000)
  region size 1024K, 2 young (2048K), 0 survivors (0K)
 Metaspace       used 28859K, committed 29312K, reserved 1081344K
  class space    used 3873K, committed 4096K, reserved 1048576K
}
Event: 40875.221 GC heap after
{Heap after GC invocations=4023 (full 4014):
 garbage-first heap   total 34816K, used 9906K [0x00000000c3a00000, 0x0000000100000000)
  region size 1024K, 0 young (0K), 0 survivors (0K)
 Metaspace       used 28859K, committed 29312K, reserved 1081344K
  class space    used 3873K, committed 4096K, reserved 1048576K
}
Event: 40885.336 GC heap before
{Heap before GC invocations=4023 (full 4014):
 garbage-first heap   total 34816K, used 10930K [0x00000000c3a00000, 0x0000000100000000)
  region size 1024K, 2 young (2048K), 0 survivors (0K)
 Metaspace       used 28859K, committed 29312K, reserved 1081344K
  class space    used 3873K, committed 4096K, reserved 1048576K
}
Event: 40885.350 GC heap after
{Heap after GC invocations=4024 (full 4015):
 garbage-first heap   total 34816K, used 9906K [0x00000000c3a00000, 0x0000000100000000)
  region size 1024K, 0 young (0K), 0 survivors (0K)
 Metaspace       used 28859K, committed 29312K, reserved 1081344K
  class space    used 3873K, committed 4096K, reserved 1048576K
}
Event: 40895.579 GC heap before
{Heap before GC invocations=4024 (full 4015):
 garbage-first heap   total 34816K, used 10930K [0x00000000c3a00000, 0x0000000100000000)
  region size 1024K, 2 young (2048K), 0 survivors (0K)
 Metaspace       used 28859K, committed 29312K, reserved 1081344K
  class space    used 3873K, committed 4096K, reserved 1048576K
}
Event: 40895.593 GC heap after
{Heap after GC invocations=4025 (full 4016):
 garbage-first heap   total 34816K, used 9906K [0x00000000c3a00000, 0x0000000100000000)
  region size 1024K, 0 young (0K), 0 survivors (0K)
 Metaspace       used 28859K, committed 29312K, reserved 1081344K
  class space    used 3873K, committed 4096K, reserved 1048576K
}
Event: 40905.731 GC heap before
{Heap before GC invocations=4025 (full 4016):
 garbage-first heap   total 34816K, used 10930K [0x00000000c3a00000, 0x0000000100000000)
  region size 1024K, 2 young (2048K), 0 survivors (0K)
 Metaspace       used 28859K, committed 29312K, reserved 1081344K
  class space    used 3873K, committed 4096K, reserved 1048576K
}
Event: 40905.745 GC heap after
{Heap after GC invocations=4026 (full 4017):
 garbage-first heap   total 34816K, used 9906K [0x00000000c3a00000, 0x0000000100000000)
  region size 1024K, 0 young (0K), 0 survivors (0K)
 Metaspace       used 28859K, committed 29312K, reserved 1081344K
  class space    used 3873K, committed 4096K, reserved 1048576K
}
Event: 40915.880 GC heap before
{Heap before GC invocations=4026 (full 4017):
 garbage-first heap   total 34816K, used 10930K [0x00000000c3a00000, 0x0000000100000000)
  region size 1024K, 2 young (2048K), 0 survivors (0K)
 Metaspace       used 28859K, committed 29312K, reserved 1081344K
  class space    used 3873K, committed 4096K, reserved 1048576K
}
Event: 40915.894 GC heap after
{Heap after GC invocations=4027 (full 4018):
 garbage-first heap   total 34816K, used 9906K [0x00000000c3a00000, 0x0000000100000000)
  region size 1024K, 0 young (0K), 0 survivors (0K)
 Metaspace       used 28859K, committed 29312K, reserved 1081344K
  class space    used 3873K, committed 4096K, reserved 1048576K
}
Event: 40926.017 GC heap before
{Heap before GC invocations=4027 (full 4018):
 garbage-first heap   total 34816K, used 10930K [0x00000000c3a00000, 0x0000000100000000)
  region size 1024K, 2 young (2048K), 0 survivors (0K)
 Metaspace       used 28859K, committed 29312K, reserved 1081344K
  class space    used 3873K, committed 4096K, reserved 1048576K
}
Event: 40926.031 GC heap after
{Heap after GC invocations=4028 (full 4019):
 garbage-first heap   total 34816K, used 9906K [0x00000000c3a00000, 0x0000000100000000)
  region size 1024K, 0 young (0K), 0 survivors (0K)
 Metaspace       used 28859K, committed 29312K, reserved 1081344K
  class space    used 3873K, committed 4096K, reserved 1048576K
}

