# JRE version: OpenJDK Runtime Environment Temurin-17.0.2+8 (17.0.2+8) (build 17.0.2+8)
# Java VM: OpenJDK 64-Bit Server VM Temurin-17.0.2+8 (17.0.2+8, mixed mode, emulated-client, tiered, compressed oops, compressed class ptrs, g1 gc, windows-amd64)
GC Precious Log:
 CPUs: 4 total, 4 available
 Memory: 3863M
 Large Page Support: Disabled
 NUMA Support: Disabled
 Compressed Oops: Enabled (32-bit)
 Heap Region Size: 1M
 Heap Min Capacity: 8M
 Heap Initial Capacity: 62M
 Heap Max Capacity: 966M
 Pre-touch: Disabled
 Parallel Workers: 4
 Concurrent Workers: 1
 Concurrent Refinement Workers: 4
 Periodic GC: Disabled
Heap:
 garbage-first heap   total 37888K, used 13877K [0x00000000c3a00000, 0x0000000100000000)
  region size 1024K, 2 young (2048K), 0 survivors (0K)
 Metaspace       used 31948K, committed 32320K, reserved 1081344K
  class space    used 4144K, committed 4288K, reserved 1048576K
GC Heap History (20 events):
Event: 4187.868 GC heap before
{Heap before GC invocations=414 (full 402):
 garbage-first heap   total 37888K, used 13877K [0x00000000c3a00000, 0x0000000100000000)
  region size 1024K, 2 young (2048K), 0 survivors (0K)
 Metaspace       used 31948K, committed 32320K, reserved 1081344K
  class space    used 4144K, committed 4288K, reserved 1048576K
}
Event: 4187.890 GC heap after
{Heap after GC invocations=415 (full 403):
 garbage-first heap   total 37888K, used 12853K [0x00000000c3a00000, 0x0000000100000000)
  region size 1024K, 0 young (0K), 0 survivors (0K)
 Metaspace       used 31948K, committed 32320K, reserved 1081344K
  class space    used 4144K, committed 4288K, reserved 1048576K
}
Event: 4198.085 GC heap before
{Heap before GC invocations=415 (full 403):
 garbage-first heap   total 37888K, used 13877K [0x00000000c3a00000, 0x0000000100000000)
  region size 1024K, 2 young (2048K), 0 survivors (0K)
 Metaspace       used 31948K, committed 32320K, reserved 1081344K
  class space    used 4144K, committed 4288K, reserved 1048576K
}
Event: 4198.108 GC heap after
{Heap after GC invocations=416 (full 404):
 garbage-first heap   total 37888K, used 12853K [0x00000000c3a00000, 0x0000000100000000)
  region size 1024K, 0 young (0K), 0 survivors (0K)
 Metaspace       used 31948K, committed 32320K, reserved 1081344K
  class space    used 4144K, committed 4288K, reserved 1048576K
}
Event: 4208.275 GC heap before
{Heap before GC invocations=416 (full 404):
 garbage-first heap   total 37888K, used 13877K [0x00000000c3a00000, 0x0000000100000000)
  region size 1024K, 2 young (2048K), 0 survivors (0K)
 Metaspace       used 31948K, committed 32320K, reserved 1081344K
  class space    used 4144K, committed 4288K, reserved 1048576K
}
Event: 4208.295 GC heap after
{Heap after GC invocations=417 (full 405):
 garbage-first heap   total 37888K, used 12853K [0x00000000c3a00000, 0x0000000100000000)
  region size 1024K, 0 young (0K), 0 survivors (0K)
 Metaspace       used 31948K, committed 32320K, reserved 1081344K
  class space    used 4144K, committed 4288K, reserved 1048576K
}
Event: 4218.440 GC heap before
{Heap before GC invocations=417 (full 405):
 garbage-first heap   total 37888K, used 13877K [0x00000000c3a00000, 0x0000000100000000)
  region size 1024K, 2 young (2048K), 0 survivors (0K)
 Metaspace       used 31948K, committed 32320K, reserved 1081344K
  class space    used 4144K, committed 4288K, reserved 1048576K
}
Event: 4218.458 GC heap after
{Heap after GC invocations=418 (full 406):
 garbage-first heap   total 37888K, used 12853K [0x00000000c3a00000, 0x0000000100000000)
  region size 1024K, 0 young (0K), 0 survivors (0K)
 Metaspace       used 31948K, committed 32320K, reserved 1081344K
  class space    used 4144K, committed 4288K, reserved 1048576K
}
Event: 4228.641 GC heap before
{Heap before GC invocations=418 (full 406):
 garbage-first heap   total 37888K, used 13877K [0x00000000c3a00000, 0x0000000100000000)
  region size 1024K, 2 young (2048K), 0 survivors (0K)
 Metaspace       used 31948K, committed 32320K, reserved 1081344K
  class space    used 4144K, committed 4288K, reserved 1048576K
}
Event: 4228.664 GC heap after
{Heap after GC invocations=419 (full 407):
 garbage-first heap   total 37888K, used 12853K [0x00000000c3a00000, 0x0000000100000000)
  region size 1024K, 0 young (0K), 0 survivors (0K)
 Metaspace       used 31948K, committed 32320K, reserved 1081344K
  class space    used 4144K, committed 4288K, reserved 1048576K
}
Event: 4238.832 GC heap before
{Heap before GC invocations=419 (full 407):
 garbage-first heap   total 37888K, used 13877K [0x00000000c3a00000, 0x0000000100000000)
  region size 1024K, 2 young (2048K), 0 survivors (0K)
 Metaspace       used 31948K, committed 32320K, reserved 1081344K
  class space    used 4144K, committed 4288K, reserved 1048576K
}
Event: 4238.856 GC heap after
{Heap after GC invocations=420 (full 408):
 garbage-first heap   total 37888K, used 12853K [0x00000000c3a00000, 0x0000000100000000)
  region size 1024K, 0 young (0K), 0 survivors (0K)
 Metaspace       used 31948K, committed 32320K, reserved 1081344K
  class space    used 4144K, committed 4288K, reserved 1048576K
}
Event: 4249.016 GC heap before
{Heap before GC invocations=420 (full 408):
 garbage-first heap   total 37888K, used 13877K [0x00000000c3a00000, 0x0000000100000000)
  region size 1024K, 2 young (2048K), 0 survivors (0K)
 Metaspace       used 31948K, committed 32320K, reserved 1081344K
  class space    used 4144K, committed 4288K, reserved 1048576K
}
Event: 4249.039 GC heap after
{Heap after GC invocations=421 (full 409):
 garbage-first heap   total 37888K, used 12853K [0x00000000c3a00000, 0x0000000100000000)
  region size 1024K, 0 young (0K), 0 survivors (0K)
 Metaspace       used 31948K, committed 32320K, reserved 1081344K
  class space    used 4144K, committed 4288K, reserved 1048576K
}
Event: 4259.221 GC heap before
{Heap before GC invocations=421 (full 409):
 garbage-first heap   total 37888K, used 13877K [0x00000000c3a00000, 0x0000000100000000)
  region size 1024K, 2 young (2048K), 0 survivors (0K)
 Metaspace       used 31948K, committed 32320K, reserved 1081344K
  class space    used 4144K, committed 4288K, reserved 1048576K
}
Event: 4259.244 GC heap after
{Heap after GC invocations=422 (full 410):
 garbage-first heap   total 37888K, used 12853K [0x00000000c3a00000, 0x0000000100000000)
  region size 1024K, 0 young (0K), 0 survivors (0K)
 Metaspace       used 31948K, committed 32320K, reserved 1081344K
  class space    used 4144K, committed 4288K, reserved 1048576K
}
Event: 4269.522 GC heap before
{Heap before GC invocations=422 (full 410):
 garbage-first heap   total 37888K, used 13877K [0x00000000c3a00000, 0x0000000100000000)
  region size 1024K, 2 young (2048K), 0 survivors (0K)
 Metaspace       used 31948K, committed 32320K, reserved 1081344K
  class space    used 4144K, committed 4288K, reserved 1048576K
}
Event: 4269.543 GC heap after
{Heap after GC invocations=423 (full 411):
 garbage-first heap   total 37888K, used 12853K [0x00000000c3a00000, 0x0000000100000000)
  region size 1024K, 0 young (0K), 0 survivors (0K)
 Metaspace       used 31948K, committed 32320K, reserved 1081344K
  class space    used 4144K, committed 4288K, reserved 1048576K
}
Event: 4280.020 GC heap before
{Heap before GC invocations=423 (full 411):
 garbage-first heap   total 37888K, used 13877K [0x00000000c3a00000, 0x0000000100000000)
  region size 1024K, 2 young (2048K), 0 survivors (0K)
 Metaspace       used 31948K, committed 32320K, reserved 1081344K
  class space    used 4144K, committed 4288K, reserved 1048576K
}
Event: 4280.159 GC heap after
{Heap after GC invocations=424 (full 412):
 garbage-first heap   total 37888K, used 12853K [0x00000000c3a00000, 0x0000000100000000)
  region size 1024K, 0 young (0K), 0 survivors (0K)
 Metaspace       used 31948K, committed 32320K, reserved 1081344K
  class space    used 4144K, committed 4288K, reserved 1048576K
}

